<?xml version="1.0" encoding="UTF-8"?>
<!-- Generated by org.testng.reporters.JUnitReportReporter -->
<testsuite hostname="idea-PC" failures="0" tests="1" name="com.bluesky.test.smoke.SimpleUnitTest" time="24.866" errors="0" timestamp="12 Aug 2018 02:56:47 GMT" skipped="0">
  <testcase classname="com.bluesky.test.smoke.SimpleUnitTest" name="testApp" time="24.866"/>
</testsuite> <!-- com.bluesky.test.smoke.SimpleUnitTest -->
